<?xml version="1.0" encoding="UTF-8"?>
<testsuite name="com.desafio.treasy.challenge.ChallengeApplicationTests" tests="1" skipped="0" failures="0" errors="0" timestamp="2019-09-21T23:29:13" hostname="brubatera" time="0.158">
  <properties/>
  <testcase name="contextLoads" classname="com.desafio.treasy.challenge.ChallengeApplicationTests" time="0.158"/>
  <system-out><![CDATA[20:29:10.265 [Test worker] DEBUG org.springframework.test.context.junit4.SpringJUnit4ClassRunner - SpringJUnit4ClassRunner constructor called with [class com.desafio.treasy.challenge.ChallengeApplicationTests]
20:29:10.274 [Test worker] DEBUG org.springframework.test.context.BootstrapUtils - Instantiating CacheAwareContextLoaderDelegate from class [org.springframework.test.context.cache.DefaultCacheAwareContextLoaderDelegate]
20:29:10.283 [Test worker] DEBUG org.springframework.test.context.BootstrapUtils - Instantiating BootstrapContext using constructor [public org.springframework.test.context.support.DefaultBootstrapContext(java.lang.Class,org.springframework.test.context.CacheAwareContextLoaderDelegate)]
20:29:10.298 [Test worker] DEBUG org.springframework.test.context.BootstrapUtils - Instantiating TestContextBootstrapper for test class [com.desafio.treasy.challenge.ChallengeApplicationTests] from class [org.springframework.boot.test.context.SpringBootTestContextBootstrapper]
20:29:10.306 [Test worker] INFO org.springframework.boot.test.context.SpringBootTestContextBootstrapper - Neither @ContextConfiguration nor @ContextHierarchy found for test class [com.desafio.treasy.challenge.ChallengeApplicationTests], using SpringBootContextLoader
20:29:10.308 [Test worker] DEBUG org.springframework.test.context.support.AbstractContextLoader - Did not detect default resource location for test class [com.desafio.treasy.challenge.ChallengeApplicationTests]: class path resource [com/desafio/treasy/challenge/ChallengeApplicationTests-context.xml] does not exist
20:29:10.308 [Test worker] DEBUG org.springframework.test.context.support.AbstractContextLoader - Did not detect default resource location for test class [com.desafio.treasy.challenge.ChallengeApplicationTests]: class path resource [com/desafio/treasy/challenge/ChallengeApplicationTestsContext.groovy] does not exist
20:29:10.309 [Test worker] INFO org.springframework.test.context.support.AbstractContextLoader - Could not detect default resource locations for test class [com.desafio.treasy.challenge.ChallengeApplicationTests]: no resource found for suffixes {-context.xml, Context.groovy}.
20:29:10.309 [Test worker] INFO org.springframework.test.context.support.AnnotationConfigContextLoaderUtils - Could not detect default configuration classes for test class [com.desafio.treasy.challenge.ChallengeApplicationTests]: ChallengeApplicationTests does not declare any static, non-private, non-final, nested classes annotated with @Configuration.
20:29:10.347 [Test worker] DEBUG org.springframework.test.context.support.ActiveProfilesUtils - Could not find an 'annotation declaring class' for annotation type [org.springframework.test.context.ActiveProfiles] and class [com.desafio.treasy.challenge.ChallengeApplicationTests]
20:29:10.401 [Test worker] DEBUG org.springframework.context.annotation.ClassPathScanningCandidateComponentProvider - Identified candidate component class: file [/home/bruno/IdeaProjects/DesafioTreasy/build/classes/java/main/com/desafio/treasy/challenge/ChallengeApplication.class]
20:29:10.403 [Test worker] INFO org.springframework.boot.test.context.SpringBootTestContextBootstrapper - Found @SpringBootConfiguration com.desafio.treasy.challenge.ChallengeApplication for test class com.desafio.treasy.challenge.ChallengeApplicationTests
20:29:10.486 [Test worker] DEBUG org.springframework.boot.test.context.SpringBootTestContextBootstrapper - @TestExecutionListeners is not present for class [com.desafio.treasy.challenge.ChallengeApplicationTests]: using defaults.
20:29:10.487 [Test worker] INFO org.springframework.boot.test.context.SpringBootTestContextBootstrapper - Loaded default TestExecutionListener class names from location [META-INF/spring.factories]: [org.springframework.boot.test.autoconfigure.restdocs.RestDocsTestExecutionListener, org.springframework.boot.test.autoconfigure.web.client.MockRestServiceServerResetTestExecutionListener, org.springframework.boot.test.autoconfigure.web.servlet.MockMvcPrintOnlyOnFailureTestExecutionListener, org.springframework.boot.test.autoconfigure.web.servlet.WebDriverTestExecutionListener, org.springframework.boot.test.mock.mockito.MockitoTestExecutionListener, org.springframework.boot.test.mock.mockito.ResetMocksTestExecutionListener, org.springframework.test.context.web.ServletTestExecutionListener, org.springframework.test.context.support.DirtiesContextBeforeModesTestExecutionListener, org.springframework.test.context.support.DependencyInjectionTestExecutionListener, org.springframework.test.context.support.DirtiesContextTestExecutionListener, org.springframework.test.context.transaction.TransactionalTestExecutionListener, org.springframework.test.context.jdbc.SqlScriptsTestExecutionListener]
20:29:10.515 [Test worker] INFO org.springframework.boot.test.context.SpringBootTestContextBootstrapper - Using TestExecutionListeners: [org.springframework.test.context.web.ServletTestExecutionListener@23db3138, org.springframework.test.context.support.DirtiesContextBeforeModesTestExecutionListener@ac672e5, org.springframework.boot.test.mock.mockito.MockitoTestExecutionListener@3639742d, org.springframework.boot.test.autoconfigure.SpringBootDependencyInjectionTestExecutionListener@6a5d1bde, org.springframework.test.context.support.DirtiesContextTestExecutionListener@10f5b55c, org.springframework.test.context.transaction.TransactionalTestExecutionListener@291dacfd, org.springframework.test.context.jdbc.SqlScriptsTestExecutionListener@54f82def, org.springframework.boot.test.autoconfigure.restdocs.RestDocsTestExecutionListener@56f94f45, org.springframework.boot.test.autoconfigure.web.client.MockRestServiceServerResetTestExecutionListener@6b9b5f93, org.springframework.boot.test.autoconfigure.web.servlet.MockMvcPrintOnlyOnFailureTestExecutionListener@2f257c59, org.springframework.boot.test.autoconfigure.web.servlet.WebDriverTestExecutionListener@3a27bb07, org.springframework.boot.test.mock.mockito.ResetMocksTestExecutionListener@26b84861]
20:29:10.518 [Test worker] DEBUG org.springframework.test.annotation.ProfileValueUtils - Retrieved @ProfileValueSourceConfiguration [null] for test class [com.desafio.treasy.challenge.ChallengeApplicationTests]
20:29:10.520 [Test worker] DEBUG org.springframework.test.annotation.ProfileValueUtils - Retrieved ProfileValueSource type [class org.springframework.test.annotation.SystemProfileValueSource] for class [com.desafio.treasy.challenge.ChallengeApplicationTests]
20:29:10.520 [Test worker] DEBUG org.springframework.test.annotation.ProfileValueUtils - Retrieved @ProfileValueSourceConfiguration [null] for test class [com.desafio.treasy.challenge.ChallengeApplicationTests]
20:29:10.521 [Test worker] DEBUG org.springframework.test.annotation.ProfileValueUtils - Retrieved ProfileValueSource type [class org.springframework.test.annotation.SystemProfileValueSource] for class [com.desafio.treasy.challenge.ChallengeApplicationTests]
20:29:10.524 [Test worker] DEBUG org.springframework.test.context.support.AbstractDirtiesContextTestExecutionListener - Before test class: context [DefaultTestContext@3f5df9f6 testClass = ChallengeApplicationTests, testInstance = [null], testMethod = [null], testException = [null], mergedContextConfiguration = [WebMergedContextConfiguration@37bfc1a4 testClass = ChallengeApplicationTests, locations = '{}', classes = '{class com.desafio.treasy.challenge.ChallengeApplication}', contextInitializerClasses = '[]', activeProfiles = '{}', propertySourceLocations = '{}', propertySourceProperties = '{org.springframework.boot.test.context.SpringBootTestContextBootstrapper=true}', contextCustomizers = set[org.springframework.boot.test.autoconfigure.properties.PropertyMappingContextCustomizer@0, org.springframework.boot.test.autoconfigure.web.servlet.WebDriverContextCustomizerFactory$Customizer@22a7960a, org.springframework.boot.test.context.filter.ExcludeFilterContextCustomizer@56862f47, org.springframework.boot.test.json.DuplicateJsonObjectContextCustomizerFactory$DuplicateJsonObjectContextCustomizer@5be29b44, org.springframework.boot.test.mock.mockito.MockitoContextCustomizer@0, org.springframework.boot.test.web.client.TestRestTemplateContextCustomizer@3a89d66b], resourceBasePath = 'src/main/webapp', contextLoader = 'org.springframework.boot.test.context.SpringBootContextLoader', parent = [null]], attributes = map['org.springframework.test.context.web.ServletTestExecutionListener.activateListener' -> true]], class annotated with @DirtiesContext [false] with mode [null].
20:29:10.524 [Test worker] DEBUG org.springframework.test.annotation.ProfileValueUtils - Retrieved @ProfileValueSourceConfiguration [null] for test class [com.desafio.treasy.challenge.ChallengeApplicationTests]
20:29:10.525 [Test worker] DEBUG org.springframework.test.annotation.ProfileValueUtils - Retrieved ProfileValueSource type [class org.springframework.test.annotation.SystemProfileValueSource] for class [com.desafio.treasy.challenge.ChallengeApplicationTests]
20:29:10.537 [Test worker] DEBUG org.springframework.test.context.support.TestPropertySourceUtils - Adding inlined properties to environment: {spring.jmx.enabled=false, org.springframework.boot.test.context.SpringBootTestContextBootstrapper=true, server.port=-1}

  .   ____          _            __ _ _
 /\\ / ___'_ __ _ _(_)_ __  __ _ \ \ \ \
( ( )\___ | '_ | '_| | '_ \/ _` | \ \ \ \
 \\/  ___)| |_)| | | | | || (_| |  ) ) ) )
  '  |____| .__|_| |_|_| |_\__, | / / / /
 =========|_|==============|___/=/_/_/_/
 :: Spring Boot ::        (v2.1.8.RELEASE)

2019-09-21 20:29:10.815  INFO 6118 --- [    Test worker] c.d.t.c.ChallengeApplicationTests        : Starting ChallengeApplicationTests on brubatera with PID 6118 (started by bruno in /home/bruno/IdeaProjects/DesafioTreasy)
2019-09-21 20:29:10.817  INFO 6118 --- [    Test worker] c.d.t.c.ChallengeApplicationTests        : No active profile set, falling back to default profiles: default
2019-09-21 20:29:12.114  INFO 6118 --- [    Test worker] trationDelegate$BeanPostProcessorChecker : Bean 'org.springframework.hateoas.config.HateoasConfiguration' of type [org.springframework.hateoas.config.HateoasConfiguration$$EnhancerBySpringCGLIB$$8936bf9f] is not eligible for getting processed by all BeanPostProcessors (for example: not eligible for auto-proxying)
2019-09-21 20:29:12.126  INFO 6118 --- [    Test worker] trationDelegate$BeanPostProcessorChecker : Bean 'org.springframework.transaction.annotation.ProxyTransactionManagementConfiguration' of type [org.springframework.transaction.annotation.ProxyTransactionManagementConfiguration$$EnhancerBySpringCGLIB$$9b6726d] is not eligible for getting processed by all BeanPostProcessors (for example: not eligible for auto-proxying)
2019-09-21 20:29:13.203  INFO 6118 --- [    Test worker] o.s.s.concurrent.ThreadPoolTaskExecutor  : Initializing ExecutorService 'applicationTaskExecutor'
2019-09-21 20:29:13.722  INFO 6118 --- [    Test worker] c.d.t.c.ChallengeApplicationTests        : Started ChallengeApplicationTests in 3.179 seconds (JVM running for 3.928)
]]></system-out>
  <system-err><![CDATA[]]></system-err>
</testsuite>
